<?xml version="1.0" encoding="UTF-8"?>
<!-- Generated by org.testng.reporters.JUnitReportReporter -->
<testsuite skipped="0" hostname="wangjiongdadeMacBook-Pro.local" name="com.mybatis.MybatisBuildApplicationTests" tests="1" failures="0" timestamp="18 七月 2017 02:32:16 GMT" time="7.512" errors="0">
  <testcase name="contextLoads" time="7.512" classname="com.mybatis.MybatisBuildApplicationTests"/>
</testsuite> <!-- com.mybatis.MybatisBuildApplicationTests -->
